Using pre-set license

 COMMAND LINE ARGUMENTS:
/Applications/Unity/Hub/Editor/2020.3.5f1/Unity.app/Contents/MacOS/Unity
-adb2
-batchMode
-noUpm
-name
AssetImportWorker0
-projectPath
/Users/adnanabdulrahim/Desktop/GameJamProject/GameJam/MyProject
-logFile
Logs/AssetImportWorker0.log
-srvPort
55091
Successfully changed project path to: /Users/adnanabdulrahim/Desktop/GameJamProject/GameJam/MyProject
/Users/adnanabdulrahim/Desktop/GameJamProject/GameJam/MyProject
Using Asset Import Pipeline V2.
Refreshing native plugins compatible for Editor in 80.31 ms, found 2 plugins.
Preloading 0 native plugins for Editor in 0.00 ms.
Initialize engine version: 2020.3.5f1 (8095aa901b9b)
[Subsystems] Discovering subsystems at path /Applications/Unity/Hub/Editor/2020.3.5f1/Unity.app/Contents/Resources/UnitySubsystems
[Subsystems] Discovering subsystems at path /Users/adnanabdulrahim/Desktop/GameJamProject/GameJam/MyProject/Assets
GfxDevice: creating device client; threaded=0
2023-02-05 15:46:57.240 Unity[62458:3208022] (null) preferred device: Apple M1 (high power)
2023-02-05 15:46:57.240 Unity[62458:3208022] Metal devices available: 1
2023-02-05 15:46:57.240 Unity[62458:3208022] 0: Apple M1 (high power)
2023-02-05 15:46:57.241 Unity[62458:3208022] Using device Apple M1 (high power)
Initializing Metal device caps: Apple M1
Initialize mono
Mono path[0] = '/Applications/Unity/Hub/Editor/2020.3.5f1/Unity.app/Contents/Managed'
Mono path[1] = '/Applications/Unity/Hub/Editor/2020.3.5f1/Unity.app/Contents/MonoBleedingEdge/lib/mono/unityjit'
Mono config path = '/Applications/Unity/Hub/Editor/2020.3.5f1/Unity.app/Contents/MonoBleedingEdge/etc'
Using monoOptions --debugger-agent=transport=dt_socket,embedding=1,server=y,suspend=n,address=127.0.0.1:56458
Begin MonoManager ReloadAssembly
Registering precompiled unity dll's ...
Register platform support module: /Applications/Unity/Hub/Editor/2020.3.5f1/Unity.app/Contents/PlaybackEngines/MacStandaloneSupport/UnityEditor.OSXStandalone.Extensions.dll
Registered in 0.002186 seconds.
Native extension for OSXStandalone target not found
Refreshing native plugins compatible for Editor in 83.15 ms, found 2 plugins.
Preloading 0 native plugins for Editor in 0.00 ms.
Mono: successfully reloaded assembly
- Completed reload, in  1.658 seconds
Platform modules already initialized, skipping
Registering precompiled user dll's ...
Registered in 0.003684 seconds.
Begin MonoManager ReloadAssembly
Symbol file LoadedFromMemory doesn't match image /Users/adnanabdulrahim/Desktop/GameJamProject/GameJam/MyProject/Library/PackageCache/com.unity.visualscripting@1.8.0/Editor/VisualScripting.Core/Dependencies/YamlDotNet/Unity.VisualScripting.YamlDotNet.dll
Symbol file LoadedFromMemory doesn't match image /Users/adnanabdulrahim/Desktop/GameJamProject/GameJam/MyProject/Library/PackageCache/com.unity.visualscripting@1.8.0/Editor/VisualScripting.Core/Dependencies/DotNetZip/Unity.VisualScripting.IonicZip.dll
Native extension for OSXStandalone target not found
Refreshing native plugins compatible for Editor in 0.56 ms, found 2 plugins.
Preloading 0 native plugins for Editor in 0.00 ms.
Mono: successfully reloaded assembly
- Completed reload, in  2.116 seconds
Platform modules already initialized, skipping
========================================================================
Worker process is ready to serve import requests
Launching external process: /Applications/Unity/Hub/Editor/2020.3.5f1/Unity.app/Contents/Tools/UnityShaderCompiler
Launched and connected shader compiler UnityShaderCompiler after 0.18 seconds
Refreshing native plugins compatible for Editor in 0.53 ms, found 2 plugins.
Preloading 0 native plugins for Editor in 0.00 ms.
Unloading 2977 Unused Serialized files (Serialized files now loaded: 0)
System memory in use before: 101.1 MB.
System memory in use after: 101.3 MB.

Unloading 21 unused Assets to reduce memory usage. Loaded Objects now: 3408.
Total: 3.517959 ms (FindLiveObjects: 0.308042 ms CreateObjectMapping: 0.066000 ms MarkObjects: 2.892916 ms  DeleteObjects: 0.247750 ms)

========================================================================
Received Import Request.
  path: Assets/Root.prefab
  artifactKey: Guid(b68a4d823de3b42ff86f590c5994095c) Importer(815301076,1909f56bfc062723c751e8b465ee728b)
Start importing Assets/Root.prefab using Guid(b68a4d823de3b42ff86f590c5994095c) Importer(815301076,1909f56bfc062723c751e8b465ee728b)  -> (artifact id: '44cf711bb0bf74ba334879aa8f2d0518') in 0.440900 seconds
  Import took 0.445761 seconds .

========================================================================
Received Import Request.
  Time since last request: 0.000422 seconds.
  path: Assets/Terrain.prefab
  artifactKey: Guid(dd9c07393db8f4d27bc96e47159138ef) Importer(815301076,1909f56bfc062723c751e8b465ee728b)
Start importing Assets/Terrain.prefab using Guid(dd9c07393db8f4d27bc96e47159138ef) Importer(815301076,1909f56bfc062723c751e8b465ee728b)  -> (artifact id: '6e214dbdfc9c68d3cb48e6aafbea887c') in 0.009559 seconds
  Import took 0.014183 seconds .

========================================================================
Received Import Request.
  Time since last request: 0.000203 seconds.
  path: Assets/Canvas.prefab
  artifactKey: Guid(d6c82be0599c64e3dab4e859f5f1b273) Importer(815301076,1909f56bfc062723c751e8b465ee728b)
Start importing Assets/Canvas.prefab using Guid(d6c82be0599c64e3dab4e859f5f1b273) Importer(815301076,1909f56bfc062723c751e8b465ee728b)  -> (artifact id: 'efdc81e60a81a1283b2c98822c8341b1') in 0.033387 seconds
  Import took 0.040032 seconds .

========================================================================
Received Import Request.
  Time since last request: 0.000241 seconds.
  path: Assets/Readme.asset
  artifactKey: Guid(83c2ed844a8c74b779a4c823d16594b1) Importer(815301076,1909f56bfc062723c751e8b465ee728b)
Start importing Assets/Readme.asset using Guid(83c2ed844a8c74b779a4c823d16594b1) Importer(815301076,1909f56bfc062723c751e8b465ee728b)  -> (artifact id: 'b3716b7ea0e2d3d6a05c775c1c9a57b3') in 0.079268 seconds
  Import took 0.085667 seconds .

========================================================================
Received Import Request.
  Time since last request: 64.783610 seconds.
  path: Assets/Scenes/Level 1.unity
  artifactKey: Guid(2cda990e2423bbf4892e6590ba056729) Importer(815301076,1909f56bfc062723c751e8b465ee728b)
Start importing Assets/Scenes/Level 1.unity using Guid(2cda990e2423bbf4892e6590ba056729) Importer(815301076,1909f56bfc062723c751e8b465ee728b)  -> (artifact id: '38432932d75c91ccc90a714cf1019cd3') in 0.009811 seconds
  Import took 0.032779 seconds .

========================================================================
Received Prepare
Registering precompiled user dll's ...
Registered in 0.003912 seconds.
Begin MonoManager ReloadAssembly
Symbol file LoadedFromMemory doesn't match image /Users/adnanabdulrahim/Desktop/GameJamProject/GameJam/MyProject/Library/PackageCache/com.unity.visualscripting@1.8.0/Editor/VisualScripting.Core/Dependencies/YamlDotNet/Unity.VisualScripting.YamlDotNet.dll
Symbol file LoadedFromMemory doesn't match image /Users/adnanabdulrahim/Desktop/GameJamProject/GameJam/MyProject/Library/PackageCache/com.unity.visualscripting@1.8.0/Editor/VisualScripting.Core/Dependencies/DotNetZip/Unity.VisualScripting.IonicZip.dll
Native extension for OSXStandalone target not found
Refreshing native plugins compatible for Editor in 0.49 ms, found 2 plugins.
Preloading 0 native plugins for Editor in 0.00 ms.
Mono: successfully reloaded assembly
- Completed reload, in  1.921 seconds
Platform modules already initialized, skipping
Refreshing native plugins compatible for Editor in 0.49 ms, found 2 plugins.
Preloading 0 native plugins for Editor in 0.00 ms.
Unloading 2958 Unused Serialized files (Serialized files now loaded: 0)
System memory in use before: 261.5 MB.
System memory in use after: 261.7 MB.

Unloading 16 unused Assets to reduce memory usage. Loaded Objects now: 3418.
Total: 1.362584 ms (FindLiveObjects: 0.213125 ms CreateObjectMapping: 0.067167 ms MarkObjects: 1.062541 ms  DeleteObjects: 0.018625 ms)

========================================================================
Received Import Request.
  Time since last request: 15.394393 seconds.
  path: ProjectSettings/TagManager.asset
  artifactKey: Guid(00000000000000003000000000000000) Importer(815301076,1909f56bfc062723c751e8b465ee728b)
Start importing ProjectSettings/TagManager.asset using Guid(00000000000000003000000000000000) Importer(815301076,1909f56bfc062723c751e8b465ee728b)  -> (artifact id: '0cf9088148c8a3cbd29f9a356fcbb966') in 0.032058 seconds
  Import took 0.046851 seconds .

========================================================================
Received Import Request.
  Time since last request: 107.976625 seconds.
  path: Assets/Scenes/Main.unity
  artifactKey: Guid(dbf485b99cbb14a94a21957f2da3c65e) Importer(815301076,1909f56bfc062723c751e8b465ee728b)
Start importing Assets/Scenes/Main.unity using Guid(dbf485b99cbb14a94a21957f2da3c65e) Importer(815301076,1909f56bfc062723c751e8b465ee728b)  -> (artifact id: 'a89f281c394a23929d9ad92735772ac2') in 0.008519 seconds
  Import took 0.027625 seconds .

========================================================================
Received Import Request.
  Time since last request: 10.580910 seconds.
  path: Assets/Scenes/Level 1.unity
  artifactKey: Guid(2cda990e2423bbf4892e6590ba056729) Importer(815301076,1909f56bfc062723c751e8b465ee728b)
Start importing Assets/Scenes/Level 1.unity using Guid(2cda990e2423bbf4892e6590ba056729) Importer(815301076,1909f56bfc062723c751e8b465ee728b)  -> (artifact id: '11134d87e9e13e2d630ee9a4ff7f1b6f') in 0.002463 seconds
  Import took 0.011970 seconds .

========================================================================
Received Import Request.
  Time since last request: 0.001855 seconds.
  path: Assets/Scenes/Level 1.unity
  artifactKey: Guid(2cda990e2423bbf4892e6590ba056729) Importer(815301076,1909f56bfc062723c751e8b465ee728b)
Start importing Assets/Scenes/Level 1.unity using Guid(2cda990e2423bbf4892e6590ba056729) Importer(815301076,1909f56bfc062723c751e8b465ee728b)  -> (artifact id: '11134d87e9e13e2d630ee9a4ff7f1b6f') in 0.001177 seconds
  Import took 0.006526 seconds .

========================================================================
Received Import Request.
  Time since last request: 6.477452 seconds.
  path: Assets/Scenes/Level 2.unity
  artifactKey: Guid(769a4f6d5682b4492a6b826e4889ba03) Importer(815301076,1909f56bfc062723c751e8b465ee728b)
Start importing Assets/Scenes/Level 2.unity using Guid(769a4f6d5682b4492a6b826e4889ba03) Importer(815301076,1909f56bfc062723c751e8b465ee728b)  -> (artifact id: '822ec04b3ed146baceb0978845cd85c1') in 0.002175 seconds
  Import took 0.009414 seconds .

========================================================================
Received Import Request.
  Time since last request: 7.890597 seconds.
  path: Assets/Scenes/Level 3.unity
  artifactKey: Guid(0444af8ecc4344143a92ecb9833a23e3) Importer(815301076,1909f56bfc062723c751e8b465ee728b)
Start importing Assets/Scenes/Level 3.unity using Guid(0444af8ecc4344143a92ecb9833a23e3) Importer(815301076,1909f56bfc062723c751e8b465ee728b)  -> (artifact id: 'e24477623918fa9a04e4e863fdc135b9') in 0.001842 seconds
  Import took 0.009287 seconds .

========================================================================
Received Import Request.
  Time since last request: 6.196817 seconds.
  path: Assets/Scenes/Level 4.unity
  artifactKey: Guid(82e70aabb9ef641ba895f6b0593ac7b5) Importer(815301076,1909f56bfc062723c751e8b465ee728b)
Start importing Assets/Scenes/Level 4.unity using Guid(82e70aabb9ef641ba895f6b0593ac7b5) Importer(815301076,1909f56bfc062723c751e8b465ee728b)  -> (artifact id: '2525efd7c4ebbb418ecb1b45f6abf554') in 0.007990 seconds
  Import took 0.047261 seconds .

========================================================================
Received Import Request.
  Time since last request: 6.495690 seconds.
  path: Assets/Scenes/Level 5.unity
  artifactKey: Guid(3240dd16032a549378fd211ca5586bfc) Importer(815301076,1909f56bfc062723c751e8b465ee728b)
Start importing Assets/Scenes/Level 5.unity using Guid(3240dd16032a549378fd211ca5586bfc) Importer(815301076,1909f56bfc062723c751e8b465ee728b)  -> (artifact id: 'dccc75288953b257606b0c745cf3b5dc') in 0.002524 seconds
  Import took 0.009856 seconds .

========================================================================
Received Import Request.
  Time since last request: 6.995198 seconds.
  path: Assets/Scenes/End.unity
  artifactKey: Guid(14b005aa12a6c48018e90e930c4fbac8) Importer(815301076,1909f56bfc062723c751e8b465ee728b)
Start importing Assets/Scenes/End.unity using Guid(14b005aa12a6c48018e90e930c4fbac8) Importer(815301076,1909f56bfc062723c751e8b465ee728b)  -> (artifact id: 'b4bab62afa864901e92691f385fd7a04') in 0.002237 seconds
  Import took 0.009077 seconds .

========================================================================
Received Import Request.
  Time since last request: 66.971015 seconds.
  path: Assets/CasualGameBGM05/BGM_01.wav
  artifactKey: Guid(475f4837af487ce4a9e68bb227455e4c) Importer(815301076,1909f56bfc062723c751e8b465ee728b)
Start importing Assets/CasualGameBGM05/BGM_01.wav using Guid(475f4837af487ce4a9e68bb227455e4c) Importer(815301076,1909f56bfc062723c751e8b465ee728b)  -> (artifact id: 'ebc28cb369363f8db18f7c87ba318041') in 0.977528 seconds
  Import took 0.995835 seconds .

========================================================================
Received Import Request.
  Time since last request: 0.000215 seconds.
  path: Assets/CasualGameBGM05/BGM_02.wav
  artifactKey: Guid(90eae78e8ce85a849b5b0ca11b2de641) Importer(815301076,1909f56bfc062723c751e8b465ee728b)
Start importing Assets/CasualGameBGM05/BGM_02.wav using Guid(90eae78e8ce85a849b5b0ca11b2de641) Importer(815301076,1909f56bfc062723c751e8b465ee728b)  -> (artifact id: 'b7ed2e51639acb2f15a576ef06faae5a') in 0.010523 seconds
  Import took 0.015557 seconds .

========================================================================
Received Import Request.
  Time since last request: 0.000188 seconds.
  path: Assets/CasualGameBGM05/BGM_03.wav
  artifactKey: Guid(47f45ef7b5767674393cc401fc325705) Importer(815301076,1909f56bfc062723c751e8b465ee728b)
Start importing Assets/CasualGameBGM05/BGM_03.wav using Guid(47f45ef7b5767674393cc401fc325705) Importer(815301076,1909f56bfc062723c751e8b465ee728b)  -> (artifact id: '9b55f95fec825ef9b24b0cf049642684') in 0.007582 seconds
  Import took 0.012113 seconds .

========================================================================
Received Import Request.
  Time since last request: 0.000243 seconds.
  path: Assets/CasualGameBGM05/BGM_04.wav
  artifactKey: Guid(1532c7e67c2d60c4c8780da14b7e8fcf) Importer(815301076,1909f56bfc062723c751e8b465ee728b)
Start importing Assets/CasualGameBGM05/BGM_04.wav using Guid(1532c7e67c2d60c4c8780da14b7e8fcf) Importer(815301076,1909f56bfc062723c751e8b465ee728b)  -> (artifact id: '547f4002229f0624e1e2b52445b57456') in 0.007583 seconds
  Import took 0.012464 seconds .

========================================================================
Received Import Request.
  Time since last request: 24.858180 seconds.
  path: Assets/Scenes
  artifactKey: Guid(131a6b21c8605f84396be9f6751fb6e3) Importer(815301076,1909f56bfc062723c751e8b465ee728b)
Start importing Assets/Scenes using Guid(131a6b21c8605f84396be9f6751fb6e3) Importer(815301076,1909f56bfc062723c751e8b465ee728b)  -> (artifact id: 'bc3d68ac48c297b3c8aa90963765be65') in 0.001804 seconds
  Import took 0.012377 seconds .

========================================================================
Received Import Request.
  Time since last request: 6.516184 seconds.
  path: Assets/Fonts/PressStart2P-Regular.ttf
  artifactKey: Guid(b284a6525342f44599e9ce79e37c2d61) Importer(815301076,1909f56bfc062723c751e8b465ee728b)
Start importing Assets/Fonts/PressStart2P-Regular.ttf using Guid(b284a6525342f44599e9ce79e37c2d61) Importer(815301076,1909f56bfc062723c751e8b465ee728b)  -> (artifact id: '5b916652207c4f07e8f1a6306e1e235a') in 0.957282 seconds
  Import took 0.965009 seconds .

========================================================================
Received Import Request.
  Time since last request: 50.581681 seconds.
  path: Assets/Scenes/Main.unity
  artifactKey: Guid(dbf485b99cbb14a94a21957f2da3c65e) Importer(815301076,1909f56bfc062723c751e8b465ee728b)
Start importing Assets/Scenes/Main.unity using Guid(dbf485b99cbb14a94a21957f2da3c65e) Importer(815301076,1909f56bfc062723c751e8b465ee728b)  -> (artifact id: '7344aaae3a634db30952da68fe7fe48f') in 0.017386 seconds
  Import took 0.035740 seconds .

========================================================================
Received Import Request.
  Time since last request: 42.520342 seconds.
  path: Assets/Scenes/Main.unity
  artifactKey: Guid(dbf485b99cbb14a94a21957f2da3c65e) Importer(815301076,1909f56bfc062723c751e8b465ee728b)
Start importing Assets/Scenes/Main.unity using Guid(dbf485b99cbb14a94a21957f2da3c65e) Importer(815301076,1909f56bfc062723c751e8b465ee728b)  -> (artifact id: '86e7ec09aac7335c8ee10a5e62ff850f') in 0.008085 seconds
  Import took 0.028606 seconds .

========================================================================
Received Import Request.
  Time since last request: 52.704739 seconds.
  path: Assets/Scenes/Level 4.unity
  artifactKey: Guid(82e70aabb9ef641ba895f6b0593ac7b5) Importer(815301076,1909f56bfc062723c751e8b465ee728b)
Start importing Assets/Scenes/Level 4.unity using Guid(82e70aabb9ef641ba895f6b0593ac7b5) Importer(815301076,1909f56bfc062723c751e8b465ee728b)  -> (artifact id: '11f52ebe5fe9a8900a4b39477368c7f5') in 0.007534 seconds
  Import took 0.025626 seconds .

========================================================================
Received Import Request.
  Time since last request: 33.050719 seconds.
  path: Assets/Scenes/Level 5.unity
  artifactKey: Guid(3240dd16032a549378fd211ca5586bfc) Importer(815301076,1909f56bfc062723c751e8b465ee728b)
Start importing Assets/Scenes/Level 5.unity using Guid(3240dd16032a549378fd211ca5586bfc) Importer(815301076,1909f56bfc062723c751e8b465ee728b)  -> (artifact id: 'dec26bec3cbe58369ce2b2ac61a74372') in 0.002862 seconds
  Import took 0.007963 seconds .

========================================================================
Received Import Request.
  Time since last request: 0.001007 seconds.
  path: Assets/Scenes/Level 5.unity
  artifactKey: Guid(3240dd16032a549378fd211ca5586bfc) Importer(815301076,1909f56bfc062723c751e8b465ee728b)
Start importing Assets/Scenes/Level 5.unity using Guid(3240dd16032a549378fd211ca5586bfc) Importer(815301076,1909f56bfc062723c751e8b465ee728b)  -> (artifact id: 'dec26bec3cbe58369ce2b2ac61a74372') in 0.001072 seconds
  Import took 0.006066 seconds .

========================================================================
Received Prepare
Registering precompiled user dll's ...
Registered in 0.005011 seconds.
Begin MonoManager ReloadAssembly
Symbol file LoadedFromMemory doesn't match image /Users/adnanabdulrahim/Desktop/GameJamProject/GameJam/MyProject/Library/PackageCache/com.unity.visualscripting@1.8.0/Editor/VisualScripting.Core/Dependencies/YamlDotNet/Unity.VisualScripting.YamlDotNet.dll
Symbol file LoadedFromMemory doesn't match image /Users/adnanabdulrahim/Desktop/GameJamProject/GameJam/MyProject/Library/PackageCache/com.unity.visualscripting@1.8.0/Editor/VisualScripting.Core/Dependencies/DotNetZip/Unity.VisualScripting.IonicZip.dll
Native extension for OSXStandalone target not found
Refreshing native plugins compatible for Editor in 0.50 ms, found 2 plugins.
Preloading 0 native plugins for Editor in 0.00 ms.
Mono: successfully reloaded assembly
- Completed reload, in  1.921 seconds
Platform modules already initialized, skipping
Refreshing native plugins compatible for Editor in 0.46 ms, found 2 plugins.
Preloading 0 native plugins for Editor in 0.00 ms.
Unloading 2958 Unused Serialized files (Serialized files now loaded: 0)
System memory in use before: 422.5 MB.
System memory in use after: 422.8 MB.

Unloading 17 unused Assets to reduce memory usage. Loaded Objects now: 3461.
Total: 1.546042 ms (FindLiveObjects: 0.252625 ms CreateObjectMapping: 0.077125 ms MarkObjects: 1.194917 ms  DeleteObjects: 0.020208 ms)

========================================================================
Received Import Request.
  Time since last request: 14.612333 seconds.
  path: Assets/Scenes/Level 5.unity
  artifactKey: Guid(3240dd16032a549378fd211ca5586bfc) Importer(815301076,1909f56bfc062723c751e8b465ee728b)
Start importing Assets/Scenes/Level 5.unity using Guid(3240dd16032a549378fd211ca5586bfc) Importer(815301076,1909f56bfc062723c751e8b465ee728b)  -> (artifact id: 'eb9e5c096b4f560d7ecf00dece54f070') in 0.018350 seconds
  Import took 0.025113 seconds .

========================================================================
Received Import Request.
  Time since last request: 3.156412 seconds.
  path: Assets/Scenes/End.unity
  artifactKey: Guid(14b005aa12a6c48018e90e930c4fbac8) Importer(815301076,1909f56bfc062723c751e8b465ee728b)
Start importing Assets/Scenes/End.unity using Guid(14b005aa12a6c48018e90e930c4fbac8) Importer(815301076,1909f56bfc062723c751e8b465ee728b)  -> (artifact id: '44de102bf8fe353f0d6c0b6de669c493') in 0.004717 seconds
  Import took 0.011168 seconds .

========================================================================
Received Import Request.
  Time since last request: 0.000896 seconds.
  path: Assets/Scenes/End.unity
  artifactKey: Guid(14b005aa12a6c48018e90e930c4fbac8) Importer(815301076,1909f56bfc062723c751e8b465ee728b)
Start importing Assets/Scenes/End.unity using Guid(14b005aa12a6c48018e90e930c4fbac8) Importer(815301076,1909f56bfc062723c751e8b465ee728b)  -> (artifact id: '44de102bf8fe353f0d6c0b6de669c493') in 0.001195 seconds
  Import took 0.006142 seconds .

========================================================================
Received Import Request.
  Time since last request: 1.576720 seconds.
  path: Assets/Scenes/Level 1.unity
  artifactKey: Guid(2cda990e2423bbf4892e6590ba056729) Importer(815301076,1909f56bfc062723c751e8b465ee728b)
Start importing Assets/Scenes/Level 1.unity using Guid(2cda990e2423bbf4892e6590ba056729) Importer(815301076,1909f56bfc062723c751e8b465ee728b)  -> (artifact id: 'dec909f14f6858022386cba23200f903') in 0.003645 seconds
  Import took 0.010459 seconds .

========================================================================
Received Import Request.
  Time since last request: 136.916448 seconds.
  path: Assets/Scenes/Level 1.unity
  artifactKey: Guid(2cda990e2423bbf4892e6590ba056729) Importer(815301076,1909f56bfc062723c751e8b465ee728b)
Start importing Assets/Scenes/Level 1.unity using Guid(2cda990e2423bbf4892e6590ba056729) Importer(815301076,1909f56bfc062723c751e8b465ee728b)  -> (artifact id: 'caebfbca1db6fbaadea42da20df3e2a4') in 0.009646 seconds
  Import took 0.042734 seconds .

========================================================================
Received Import Request.
  Time since last request: 2.559979 seconds.
  path: Assets/Scenes/Level 2.unity
  artifactKey: Guid(769a4f6d5682b4492a6b826e4889ba03) Importer(815301076,1909f56bfc062723c751e8b465ee728b)
Start importing Assets/Scenes/Level 2.unity using Guid(769a4f6d5682b4492a6b826e4889ba03) Importer(815301076,1909f56bfc062723c751e8b465ee728b)  -> (artifact id: 'a0e96f0bac8514c7444188f3548184ef') in 0.001581 seconds
  Import took 0.008567 seconds .

========================================================================
Received Import Request.
  Time since last request: 13.260623 seconds.
  path: Assets/Scenes/Level 4.unity
  artifactKey: Guid(82e70aabb9ef641ba895f6b0593ac7b5) Importer(815301076,1909f56bfc062723c751e8b465ee728b)
Start importing Assets/Scenes/Level 4.unity using Guid(82e70aabb9ef641ba895f6b0593ac7b5) Importer(815301076,1909f56bfc062723c751e8b465ee728b)  -> (artifact id: 'b3a17106b1b1a5260cecb390d1d0d13f') in 0.001894 seconds
  Import took 0.008409 seconds .

